2024-01-20 23:44:08,369 - WARNING - PyNaCl is not installed, voice will NOT be supported
2024-01-20 23:44:08,370 - INFO - logging in using static token
2024-01-20 23:44:08,943 - INFO - Shard ID None has connected to Gateway (Session ID: 06dc1087bdac4af8a352b88bccf3918b).
2024-01-20 23:44:10,956 - INFO - Logged in as RMM-Helper#6590
2024-01-20 23:44:10,956 - INFO - Event 'Test Event - Edit Again Again once more', 5577844 already exists in Discord but was changed. Updating in Discord...
2024-01-20 23:51:16,360 - WARNING - PyNaCl is not installed, voice will NOT be supported
2024-01-20 23:51:16,360 - INFO - logging in using static token
2024-01-20 23:51:17,119 - INFO - Shard ID None has connected to Gateway (Session ID: e0c12a70a6c43acddc2f7a223d0af6b4).
2024-01-20 23:51:19,131 - INFO - Logged in as RMM-Helper#6590
2024-01-20 23:51:19,131 - INFO - Event 'Test Event - Last edit', 5577844 already exists in Discord but was changed. Updating in Discord...
2024-01-20 23:54:12,120 - WARNING - PyNaCl is not installed, voice will NOT be supported
2024-01-20 23:54:12,121 - INFO - logging in using static token
2024-01-20 23:54:12,857 - INFO - Shard ID None has connected to Gateway (Session ID: b0a4d03ddd280c356a72f137da812cba).
2024-01-20 23:54:14,885 - INFO - Logged in as RMM-Helper#6590
2024-01-20 23:54:14,885 - INFO - Event 'Test Event - Last edit', 5577844 already exists in Discord but was changed. Updating in Discord...
2024-01-20 23:55:02,925 - WARNING - PyNaCl is not installed, voice will NOT be supported
2024-01-20 23:55:02,925 - INFO - logging in using static token
2024-01-20 23:55:03,634 - INFO - Shard ID None has connected to Gateway (Session ID: becd02419a489a6cd25fbb1c49bb4059).
2024-01-20 23:55:05,658 - INFO - Logged in as RMM-Helper#6590
2024-01-20 23:55:05,659 - INFO - Error removing event with URL https://redmountainmakers.org/event-5577844: 'Guild' object has no attribute 'delete_guild_scheduled_event'
