2023-03-22 20:44:52,433 - INFO - Removed event with ID 5079488
2023-03-22 20:44:52,433 - INFO - Removed event with ID 4475399
2023-03-22 20:44:52,434 - INFO - Removed event with ID 5111364
2023-03-22 20:44:52,434 - INFO - SUMMARY has changed for 5212000
2023-03-22 20:44:52,434 - INFO - SUMMARY has changed for 5211999
2023-03-23 01:03:23,405 - INFO - Removed event with ID 5079412
2023-03-23 01:03:23,406 - INFO - DTSTART has changed for 5209976
2023-03-23 01:03:23,406 - INFO - DTEND has changed for 5209976
2023-03-24 01:03:14,279 - INFO - Removed event with ID 5079412
2023-03-24 01:03:14,279 - INFO - Removed event with ID 5209976
2023-03-24 01:03:14,279 - INFO - Added event_id 5209976
2023-03-25 01:01:26,990 - INFO - Removed event with ID 5079412
2023-03-25 01:01:26,991 - INFO - Removed event with ID 5209976
2023-03-25 01:01:26,991 - INFO - Added event_id 5222389
2023-03-25 01:01:26,991 - INFO - Added event_id 5222393
2023-03-25 01:01:26,991 - INFO - Added event_id 5222384
2023-03-25 01:01:26,991 - INFO - Added event_id 5222388
2023-03-25 01:01:26,991 - INFO - Added event_id 5209976
2023-03-25 01:01:26,991 - INFO - Added event_id 5222395
2023-03-25 01:01:26,991 - INFO - Added event_id 5222399
2023-03-25 20:00:16,423 - INFO - Removed event with ID 5079412
2023-03-25 20:00:16,423 - INFO - Added event_id 5224119
2023-03-25 20:00:16,423 - INFO - Added event_id 5222393
2023-03-25 20:00:16,423 - INFO - Added event_id 5222399
2023-03-25 20:00:16,424 - INFO - Added event_id 5224112
2023-03-25 20:00:16,424 - INFO - Added event_id 5224107
2023-03-25 20:00:16,424 - INFO - Added event_id 5222384
2023-03-25 20:00:16,424 - INFO - Added event_id 5209976
2023-03-25 20:00:16,424 - INFO - Added event_id 5222388
2023-03-25 20:00:16,424 - INFO - Added event_id 5222395
2023-03-25 20:00:16,424 - INFO - Added event_id 5222389
2023-03-25 20:00:16,424 - INFO - Added event_id 5224117
2023-03-25 20:00:16,424 - INFO - Added event_id 5224122
2023-03-26 01:08:48,032 - INFO - SUMMARY has changed for 5211987
2023-03-26 01:08:48,032 - INFO - SUMMARY has changed for 5212000
2023-03-26 01:08:48,032 - INFO - LOCATION has changed for 5222384
2023-03-27 01:02:43,012 - INFO - SUMMARY has changed for 5211987
2023-03-27 01:02:43,012 - INFO - SUMMARY has changed for 5212000
2023-03-27 01:02:43,012 - INFO - LOCATION has changed for 5222384
2023-03-27 01:02:43,012 - INFO - Removed event with ID 5209976
2023-03-28 01:06:40,863 - INFO - SUMMARY has changed for 5211987
2023-03-28 01:06:40,863 - INFO - SUMMARY has changed for 5212000
2023-03-28 01:06:40,863 - INFO - LOCATION has changed for 5222384
2023-03-28 01:06:40,863 - INFO - Removed event with ID 5209976
2023-03-29 01:10:44,299 - INFO - SUMMARY has changed for 5211987
2023-03-29 01:10:44,299 - INFO - SUMMARY has changed for 5212000
2023-03-29 01:10:44,299 - INFO - LOCATION has changed for 5222384
2023-03-29 01:10:44,299 - INFO - Removed event with ID 5209976
2023-03-29 20:01:16,611 - INFO - DESCRIPTION has changed for 5083176
2023-03-29 20:01:16,611 - INFO - DESCRIPTION has changed for 5208473
2023-03-29 20:01:16,611 - INFO - DESCRIPTION has changed for 5208475
2023-03-29 20:01:16,611 - INFO - DESCRIPTION has changed for 5204447
2023-03-29 20:01:16,611 - INFO - DESCRIPTION has changed for 5204446
2023-03-29 20:01:16,611 - INFO - DESCRIPTION has changed for 5208472
2023-03-29 20:01:16,611 - INFO - DESCRIPTION has changed for 5204450
2023-03-29 20:01:16,611 - INFO - DESCRIPTION has changed for 5208474
2023-03-29 20:01:16,611 - INFO - DESCRIPTION has changed for 5204463
2023-03-29 20:01:16,611 - INFO - DESCRIPTION has changed for 5204457
2023-03-29 20:01:16,611 - INFO - DESCRIPTION has changed for 5211987
2023-03-29 20:01:16,611 - INFO - DESCRIPTION has changed for 5212000
2023-03-29 20:01:16,611 - INFO - DESCRIPTION has changed for 5217692
2023-03-29 20:01:16,611 - INFO - DESCRIPTION has changed for 5224119
2023-03-29 20:01:16,611 - INFO - DESCRIPTION has changed for 5222393
2023-03-29 20:01:16,611 - INFO - DESCRIPTION has changed for 5222399
2023-03-29 20:01:16,611 - INFO - DESCRIPTION has changed for 5224112
2023-03-29 20:01:16,611 - INFO - DESCRIPTION has changed for 5224107
2023-03-29 20:01:16,612 - INFO - DESCRIPTION has changed for 5222384
2023-03-29 20:01:16,612 - INFO - DESCRIPTION has changed for 5222388
2023-03-29 20:01:16,612 - INFO - DESCRIPTION has changed for 5222395
2023-03-29 20:01:16,612 - INFO - DESCRIPTION has changed for 5222389
2023-03-29 20:01:16,612 - INFO - DESCRIPTION has changed for 5224117
2023-03-29 20:01:16,612 - INFO - DESCRIPTION has changed for 5224122
2023-04-01 01:04:11,424 - INFO - Removed event with ID 5083176
2023-04-01 01:04:11,425 - INFO - Added event_id 5232832
2023-04-02 01:05:52,840 - INFO - Removed event with ID 5083176
2023-04-02 01:05:52,840 - INFO - Removed event with ID 5222384
2023-04-02 01:05:52,840 - INFO - Removed event with ID 5222389
2023-04-02 01:05:52,840 - INFO - Added event_id 5232832
2023-04-03 01:00:30,020 - INFO - Removed event with ID 5083176
2023-04-03 01:00:30,020 - INFO - Removed event with ID 5222384
2023-04-03 01:00:30,020 - INFO - Removed event with ID 5222388
2023-04-03 01:00:30,021 - INFO - Removed event with ID 5222389
2023-04-03 01:00:30,021 - INFO - Added event_id 5232832
2023-04-04 01:07:17,893 - INFO - Removed event with ID 5083176
2023-04-04 01:07:17,893 - INFO - Removed event with ID 5222384
2023-04-04 01:07:17,893 - INFO - Removed event with ID 5222388
2023-04-04 01:07:17,894 - INFO - Removed event with ID 5222389
2023-04-04 01:07:17,894 - INFO - Added event_id 5232832
2023-04-05 00:52:33,054 - INFO - Removed event with ID 5083176
2023-04-05 00:52:33,054 - INFO - Removed event with ID 5222384
2023-04-05 00:52:33,055 - INFO - Removed event with ID 5222388
2023-04-05 00:52:33,055 - INFO - Removed event with ID 5222389
2023-04-05 00:52:33,055 - INFO - Added event_id 5237931
2023-04-05 00:52:33,055 - INFO - Added event_id 5232832
2023-04-05 16:57:39,557 - INFO - Removed event with ID 5083176
2023-04-05 16:57:39,557 - INFO - DESCRIPTION has changed for 5208473
2023-04-05 16:57:39,557 - INFO - DESCRIPTION has changed for 5208475
2023-04-05 16:57:39,557 - INFO - DESCRIPTION has changed for 5204447
2023-04-05 16:57:39,558 - INFO - DESCRIPTION has changed for 5204446
2023-04-05 16:57:39,558 - INFO - DESCRIPTION has changed for 5208472
2023-04-05 16:57:39,558 - INFO - DESCRIPTION has changed for 5204450
2023-04-05 16:57:39,558 - INFO - DESCRIPTION has changed for 5208474
2023-04-05 16:57:39,558 - INFO - DESCRIPTION has changed for 5204463
2023-04-05 16:57:39,558 - INFO - DESCRIPTION has changed for 5204457
2023-04-05 16:57:39,558 - INFO - DESCRIPTION has changed for 5211987
2023-04-05 16:57:39,558 - INFO - DESCRIPTION has changed for 5212000
2023-04-05 16:57:39,558 - INFO - DESCRIPTION has changed for 5217692
2023-04-05 16:57:39,558 - INFO - DESCRIPTION has changed for 5224119
2023-04-05 16:57:39,558 - INFO - DESCRIPTION has changed for 5222393
2023-04-05 16:57:39,558 - INFO - DESCRIPTION has changed for 5222399
2023-04-05 16:57:39,559 - INFO - DESCRIPTION has changed for 5224112
2023-04-05 16:57:39,559 - INFO - DESCRIPTION has changed for 5224107
2023-04-05 16:57:39,559 - INFO - Removed event with ID 5222384
2023-04-05 16:57:39,559 - INFO - Removed event with ID 5222388
2023-04-05 16:57:39,559 - INFO - DESCRIPTION has changed for 5222395
2023-04-05 16:57:39,559 - INFO - Removed event with ID 5222389
2023-04-05 16:57:39,559 - INFO - DESCRIPTION has changed for 5224117
2023-04-05 16:57:39,559 - INFO - DESCRIPTION has changed for 5224122
2023-04-05 16:57:39,559 - INFO - Added event_id 5232832
2023-04-05 16:57:39,559 - INFO - Added event_id 5237931
2023-04-06 12:44:20,486 - INFO - DESCRIPTION has changed for 5208473
2023-04-06 12:44:20,486 - INFO - DESCRIPTION has changed for 5208475
2023-04-06 12:44:20,486 - INFO - DESCRIPTION has changed for 5204447
2023-04-06 12:44:20,486 - INFO - DESCRIPTION has changed for 5204446
2023-04-06 12:44:20,486 - INFO - DESCRIPTION has changed for 5208472
2023-04-06 12:44:20,486 - INFO - DESCRIPTION has changed for 5204450
2023-04-06 12:44:20,487 - INFO - DESCRIPTION has changed for 5208474
2023-04-06 12:44:20,487 - INFO - DESCRIPTION has changed for 5204463
2023-04-06 12:44:20,487 - INFO - DESCRIPTION has changed for 5204457
2023-04-06 12:44:20,487 - INFO - DESCRIPTION has changed for 5211987
2023-04-06 12:44:20,487 - INFO - DESCRIPTION has changed for 5212000
2023-04-06 12:44:20,487 - INFO - DESCRIPTION has changed for 5217692
2023-04-06 12:44:20,487 - INFO - DESCRIPTION has changed for 5224119
2023-04-06 12:44:20,487 - INFO - DESCRIPTION has changed for 5222393
2023-04-06 12:44:20,487 - INFO - DESCRIPTION has changed for 5222399
2023-04-06 12:44:20,487 - INFO - DESCRIPTION has changed for 5224112
2023-04-06 12:44:20,487 - INFO - DESCRIPTION has changed for 5224107
2023-04-06 12:44:20,487 - INFO - DESCRIPTION has changed for 5222395
2023-04-06 12:44:20,487 - INFO - DESCRIPTION has changed for 5224117
2023-04-06 12:44:20,487 - INFO - DESCRIPTION has changed for 5224122
2023-04-06 12:44:20,487 - INFO - DESCRIPTION has changed for 5232832
2023-04-06 12:44:20,487 - INFO - DESCRIPTION has changed for 5237931
2023-04-08 00:59:23,071 - INFO - DTSTART has changed for 5217692
2023-04-08 00:59:23,071 - INFO - DTEND has changed for 5217692
2023-04-09 01:02:24,664 - INFO - DTSTART has changed for 5217692
2023-04-09 01:02:24,664 - INFO - DTEND has changed for 5217692
2023-04-09 01:02:24,664 - INFO - Removed event with ID 5222393
2023-04-09 01:02:24,664 - INFO - Removed event with ID 5232832
2023-04-10 01:00:52,999 - INFO - DTSTART has changed for 5217692
2023-04-10 01:00:52,999 - INFO - DTEND has changed for 5217692
2023-04-10 01:00:52,999 - INFO - Removed event with ID 5222393
2023-04-10 01:00:52,999 - INFO - Removed event with ID 5222399
2023-04-10 01:00:52,999 - INFO - Removed event with ID 5222395
2023-04-10 01:00:52,999 - INFO - Removed event with ID 5232832
2023-04-11 01:00:50,505 - INFO - DTSTART has changed for 5217692
2023-04-11 01:00:50,505 - INFO - DTEND has changed for 5217692
2023-04-11 01:00:50,505 - INFO - Removed event with ID 5222393
2023-04-11 01:00:50,505 - INFO - Removed event with ID 5222399
2023-04-11 01:00:50,505 - INFO - Removed event with ID 5222395
2023-04-11 01:00:50,506 - INFO - Removed event with ID 5232832
2023-04-12 01:01:09,291 - INFO - Removed event with ID 5217692
2023-04-12 01:01:09,291 - INFO - Removed event with ID 5222393
2023-04-12 01:01:09,291 - INFO - Removed event with ID 5222399
2023-04-12 01:01:09,291 - INFO - Removed event with ID 5222395
2023-04-12 01:01:09,291 - INFO - Removed event with ID 5232832
2023-04-13 00:59:35,509 - INFO - Removed event with ID 5217692
2023-04-13 00:59:35,509 - INFO - Removed event with ID 5222393
2023-04-13 00:59:35,509 - INFO - Removed event with ID 5222399
2023-04-13 00:59:35,509 - INFO - Removed event with ID 5222395
2023-04-13 00:59:35,509 - INFO - Removed event with ID 5232832
2023-04-14 01:00:48,377 - INFO - Removed event with ID 5217692
2023-04-14 01:00:48,377 - INFO - Removed event with ID 5222393
2023-04-14 01:00:48,377 - INFO - Removed event with ID 5222399
2023-04-14 01:00:48,377 - INFO - Removed event with ID 5222395
2023-04-14 01:00:48,377 - INFO - Removed event with ID 5232832
2023-04-14 01:00:48,377 - INFO - Added event_id 5248419
2023-04-15 01:02:27,636 - INFO - Removed event with ID 5204450
2023-04-15 01:02:27,636 - INFO - Removed event with ID 5217692
2023-04-15 01:02:27,636 - INFO - Removed event with ID 5222393
2023-04-15 01:02:27,636 - INFO - Removed event with ID 5222399
2023-04-15 01:02:27,636 - INFO - Removed event with ID 5222395
2023-04-15 01:02:27,636 - INFO - Removed event with ID 5232832
2023-04-15 01:02:27,636 - INFO - Added event_id 5248419
2023-04-16 01:04:34,658 - INFO - Removed event with ID 5208472
2023-04-16 01:04:34,658 - INFO - Removed event with ID 5204450
2023-04-16 01:04:34,658 - INFO - Removed event with ID 5204457
2023-04-16 01:04:34,658 - INFO - Removed event with ID 5217692
2023-04-16 01:04:34,659 - INFO - Removed event with ID 5222393
2023-04-16 01:04:34,659 - INFO - Removed event with ID 5222399
2023-04-16 01:04:34,659 - INFO - Removed event with ID 5224107
2023-04-16 01:04:34,659 - INFO - Removed event with ID 5222395
2023-04-16 01:04:34,659 - INFO - Removed event with ID 5232832
2023-04-16 01:04:34,659 - INFO - Added event_id 5248419
2023-04-17 01:02:44,806 - INFO - Removed event with ID 5208472
2023-04-17 01:02:44,807 - INFO - Removed event with ID 5204450
2023-04-17 01:02:44,807 - INFO - Removed event with ID 5204457
2023-04-17 01:02:44,807 - INFO - Removed event with ID 5217692
2023-04-17 01:02:44,807 - INFO - Removed event with ID 5222393
2023-04-17 01:02:44,807 - INFO - Removed event with ID 5222399
2023-04-17 01:02:44,807 - INFO - Removed event with ID 5224112
2023-04-17 01:02:44,807 - INFO - Removed event with ID 5224107
2023-04-17 01:02:44,807 - INFO - Removed event with ID 5222395
2023-04-17 01:02:44,807 - INFO - Removed event with ID 5232832
2023-04-17 01:02:44,807 - INFO - Added event_id 5248419
2023-04-18 01:00:23,710 - INFO - Removed event with ID 5208472
2023-04-18 01:00:23,710 - INFO - Removed event with ID 5204450
2023-04-18 01:00:23,710 - INFO - Removed event with ID 5208474
2023-04-18 01:00:23,710 - INFO - Removed event with ID 5204457
2023-04-18 01:00:23,710 - INFO - Removed event with ID 5217692
2023-04-18 01:00:23,710 - INFO - Removed event with ID 5222393
2023-04-18 01:00:23,711 - INFO - Removed event with ID 5222399
2023-04-18 01:00:23,711 - INFO - Removed event with ID 5224112
2023-04-18 01:00:23,711 - INFO - Removed event with ID 5224107
2023-04-18 01:00:23,711 - INFO - Removed event with ID 5222395
2023-04-18 01:00:23,711 - INFO - Removed event with ID 5232832
2023-04-18 01:00:23,711 - INFO - Added event_id 5248419
2023-04-18 01:00:23,711 - INFO - Added event_id 5253248
2023-04-19 01:03:56,814 - INFO - Removed event with ID 5208472
2023-04-19 01:03:56,814 - INFO - Removed event with ID 5204450
2023-04-19 01:03:56,814 - INFO - Removed event with ID 5208474
2023-04-19 01:03:56,814 - INFO - Removed event with ID 5204457
2023-04-19 01:03:56,815 - INFO - Removed event with ID 5217692
2023-04-19 01:03:56,815 - INFO - Removed event with ID 5222393
2023-04-19 01:03:56,815 - INFO - Removed event with ID 5222399
2023-04-19 01:03:56,815 - INFO - Removed event with ID 5224112
2023-04-19 01:03:56,815 - INFO - Removed event with ID 5224107
2023-04-19 01:03:56,815 - INFO - Removed event with ID 5222395
2023-04-19 01:03:56,815 - INFO - Removed event with ID 5232832
2023-04-19 01:03:56,815 - INFO - Added event_id 5253248
2023-04-19 01:03:56,815 - INFO - Added event_id 5248419
2023-04-20 18:41:20,669 - INFO - Removed event with ID 5208472
2023-04-20 18:41:20,669 - INFO - Removed event with ID 5204450
2023-04-20 18:41:20,669 - INFO - Removed event with ID 5208474
2023-04-20 18:41:20,669 - INFO - Removed event with ID 5204457
2023-04-20 18:41:20,669 - INFO - DESCRIPTION has changed for 5211987
2023-04-20 18:41:20,669 - INFO - DESCRIPTION has changed for 5212000
2023-04-20 18:41:20,670 - INFO - Removed event with ID 5217692
2023-04-20 18:41:20,670 - INFO - Removed event with ID 5222393
2023-04-20 18:41:20,670 - INFO - Removed event with ID 5222399
2023-04-20 18:41:20,670 - INFO - Removed event with ID 5224112
2023-04-20 18:41:20,670 - INFO - Removed event with ID 5224107
2023-04-20 18:41:20,670 - INFO - Removed event with ID 5222395
2023-04-20 18:41:20,670 - INFO - Removed event with ID 5232832
2023-04-20 18:41:20,670 - INFO - Added event_id 5256484
2023-04-20 18:41:20,670 - INFO - Added event_id 5256487
2023-04-20 18:41:20,670 - INFO - Added event_id 4975127
2023-04-20 18:41:20,670 - INFO - Added event_id 5256490
2023-04-20 18:41:20,670 - INFO - Added event_id 5253248
2023-04-20 18:41:20,670 - INFO - Added event_id 5256489
2023-04-20 18:41:20,670 - INFO - Added event_id 5248419
2023-04-20 18:41:20,670 - INFO - Added event_id 5256480
2023-04-20 18:41:20,670 - INFO - Added event_id 5257128
2023-04-22 01:02:09,350 - INFO - Removed event with ID 5204446
2023-04-22 01:02:09,351 - INFO - Added event_id 5256484
2023-04-24 01:03:45,443 - INFO - Removed event with ID 5204446
2023-04-24 01:03:45,444 - INFO - Added event_id 5256484
2023-04-25 01:03:08,393 - INFO - Removed event with ID 5204446
2023-04-25 01:03:08,394 - INFO - Added event_id 5256484
2023-04-26 01:01:48,460 - INFO - Removed event with ID 5204446
2023-04-26 01:01:48,461 - INFO - Added event_id 5256484
2023-04-26 01:01:48,462 - INFO - Added event_id 5263229
2023-04-27 01:04:05,751 - INFO - Removed event with ID 5204446
2023-04-27 01:04:05,752 - INFO - Added event_id 5264600
2023-04-27 01:04:05,752 - INFO - Added event_id 5263229
2023-04-27 01:04:05,752 - INFO - Added event_id 5256484
2023-04-28 01:03:52,098 - INFO - Removed event with ID 5204446
2023-04-28 01:03:52,099 - INFO - Added event_id 5263229
2023-04-28 01:03:52,099 - INFO - Added event_id 5256484
2023-04-28 01:03:52,099 - INFO - Added event_id 5264600
2023-04-29 01:01:14,959 - INFO - Removed event with ID 5204446
2023-04-29 01:01:14,960 - INFO - Removed event with ID 5253248
2023-04-29 01:01:14,960 - INFO - Added event_id 5264600
2023-04-29 01:01:14,960 - INFO - Added event_id 5263229
2023-04-29 01:01:14,960 - INFO - Added event_id 5256484
2023-04-30 01:08:01,142 - INFO - Removed event with ID 5204446
2023-04-30 01:08:01,142 - INFO - Removed event with ID 5224117
2023-04-30 01:08:01,142 - INFO - Removed event with ID 5253248
2023-04-30 01:08:01,143 - INFO - Added event_id 5263229
2023-04-30 01:08:01,143 - INFO - Added event_id 5264600
2023-04-30 01:08:01,143 - INFO - Added event_id 5256484
2023-05-01 01:05:57,795 - INFO - Removed event with ID 5204446
2023-05-01 01:05:57,795 - INFO - Removed event with ID 5224119
2023-05-01 01:05:57,795 - INFO - Removed event with ID 5224117
2023-05-01 01:05:57,795 - INFO - Removed event with ID 5224122
2023-05-01 01:05:57,795 - INFO - Removed event with ID 5253248
2023-05-01 01:05:57,796 - INFO - Added event_id 5263229
2023-05-01 01:05:57,796 - INFO - Added event_id 5264600
2023-05-01 01:05:57,796 - INFO - Added event_id 5256484
2023-05-02 01:03:20,747 - INFO - Removed event with ID 5204446
2023-05-02 01:03:20,747 - INFO - Removed event with ID 5224119
2023-05-02 01:03:20,747 - INFO - Removed event with ID 5224117
2023-05-02 01:03:20,747 - INFO - Removed event with ID 5224122
2023-05-02 01:03:20,748 - INFO - Removed event with ID 5253248
2023-05-02 01:03:20,748 - INFO - Added event_id 5256484
2023-05-02 01:03:20,748 - INFO - Added event_id 5264600
2023-05-02 01:03:20,748 - INFO - Added event_id 5263229

2023-05-03 19:17:02,295 - INFO - Removed event with ID 5204446
2023-05-03 19:17:02,296 - INFO - Removed event with ID 5224119
2023-05-03 19:17:02,296 - INFO - Removed event with ID 5224117
2023-05-03 19:17:02,296 - INFO - Removed event with ID 5224122
2023-05-03 19:17:02,296 - INFO - Removed event with ID 5253248
2023-05-03 19:17:02,296 - INFO - Added event_id 5256484
2023-05-03 19:17:02,297 - INFO - Added event_id 5263229
2023-05-03 19:17:02,297 - INFO - Added event_id 5264600
2023-05-03 19:17:02,297 - INFO - Added event_id 5272856
2023-05-03 19:17:02,297 - INFO - Added event_id 5271700
2023-05-04 01:01:48,408 - INFO - DESCRIPTION has changed for 5256487
2023-05-04 01:01:48,409 - INFO - DESCRIPTION has changed for 5256490
2023-05-04 01:01:48,409 - INFO - DESCRIPTION has changed for 5256489
2023-05-05 00:57:33,463 - INFO - DESCRIPTION has changed for 5256487
2023-05-05 00:57:33,463 - INFO - DESCRIPTION has changed for 5256490
2023-05-05 00:57:33,463 - INFO - DESCRIPTION has changed for 5256489
2023-05-06 00:57:56,273 - INFO - DESCRIPTION has changed for 5256487
2023-05-06 00:57:56,274 - INFO - DESCRIPTION has changed for 5256490
2023-05-06 00:57:56,274 - INFO - DESCRIPTION has changed for 5256489
2023-05-06 00:57:56,274 - INFO - Added event_id 5276204
2023-05-06 00:57:56,274 - INFO - Added event_id 5276259
