2023-03-22 19:59:47,516 - INFO - Removed event with ID 5079488
2023-03-22 19:59:47,516 - INFO - Removed event with ID 4475399
2023-03-22 19:59:47,516 - INFO - Removed event with ID 5111364
2023-03-22 20:05:13,445 - INFO - Removed event with ID 5079488
2023-03-22 20:05:13,445 - INFO - Removed event with ID 4475399
2023-03-22 20:05:13,445 - INFO - Removed event with ID 5111364
2023-03-22 20:05:13,474 - INFO - Added event_id 5211987
2023-03-22 20:05:13,474 - INFO - Added event_id 5211987
2023-03-22 20:05:13,474 - INFO - Added event_id 5212000
2023-03-22 20:05:13,474 - INFO - Added event_id 5212000
2023-03-22 20:05:13,474 - INFO - Added event_id 5211999
2023-03-22 20:05:13,474 - INFO - Added event_id 5211999
2023-03-22 20:05:13,474 - INFO - Added event_id 5217692
2023-03-22 20:05:13,474 - INFO - Added event_id 5217692
2023-03-22 20:05:13,508 - INFO - DTEND has changed for 5079412
2023-03-22 20:05:13,508 - INFO - DTEND has changed for 5079412
2023-03-22 20:05:13,508 - INFO - DTEND has changed for 5079412
2023-03-22 20:05:13,508 - INFO - DESCRIPTION has changed for 5079412
2023-03-22 20:05:13,508 - INFO - DESCRIPTION has changed for 5079412
2023-03-22 20:05:13,508 - INFO - DESCRIPTION has changed for 5079412
2023-03-22 20:05:13,508 - INFO - LOCATION has changed for 5079412
2023-03-22 20:05:13,508 - INFO - LOCATION has changed for 5079412
2023-03-22 20:05:13,508 - INFO - LOCATION has changed for 5079412
2023-03-22 20:05:13,508 - INFO - SUMMARY has changed for 5083176
2023-03-22 20:05:13,508 - INFO - SUMMARY has changed for 5083176
2023-03-22 20:05:13,508 - INFO - SUMMARY has changed for 5083176
2023-03-22 20:05:13,508 - INFO - DTEND has changed for 5083176
2023-03-22 20:05:13,508 - INFO - DTEND has changed for 5083176
2023-03-22 20:05:13,508 - INFO - DTEND has changed for 5083176
2023-03-22 20:05:13,508 - INFO - DESCRIPTION has changed for 5083176
2023-03-22 20:05:13,508 - INFO - DESCRIPTION has changed for 5083176
2023-03-22 20:05:13,508 - INFO - DESCRIPTION has changed for 5083176
2023-03-22 20:05:13,508 - INFO - LOCATION has changed for 5083176
2023-03-22 20:05:13,508 - INFO - LOCATION has changed for 5083176
2023-03-22 20:05:13,508 - INFO - LOCATION has changed for 5083176
2023-03-22 20:05:13,508 - INFO - SUMMARY has changed for 5204457
2023-03-22 20:05:13,508 - INFO - SUMMARY has changed for 5204457
2023-03-22 20:05:13,508 - INFO - SUMMARY has changed for 5204457
2023-03-22 20:05:13,509 - INFO - DESCRIPTION has changed for 5209976
2023-03-22 20:05:13,509 - INFO - DESCRIPTION has changed for 5209976
2023-03-22 20:05:13,509 - INFO - DESCRIPTION has changed for 5209976
